[ Feb 18 2026 11:58:05 ] [var/site/cache/translation/5ab753aac0f76d787a61464b7a6afd46/ger-DE/b518c96d95c122006fb791578c89c704.php]
[ Feb 18 2026 11:58:05 ] [var/site/cache/translation/5ab753aac0f76d787a61464b7a6afd46/ger-DE/14a902e45279ab7b6b774cd24b38746d.php]
[ Feb 18 2026 11:58:05 ] [var/site/cache/translation/5ab753aac0f76d787a61464b7a6afd46/ger-DE/445b99ed4d07efffac3691419ad1aeb2.php]
[ Feb 18 2026 11:58:05 ] [var/site/cache/translation/5ab753aac0f76d787a61464b7a6afd46/ger-DE/6355065f91669e4011988d309679dc0b.php]
[ Feb 18 2026 11:58:05 ] [var/site/cache/translation/5ab753aac0f76d787a61464b7a6afd46/ger-DE/9b77809286b0ac1a6b9bfcb8d2ceef2a.php]
[ Feb 18 2026 11:58:05 ] [var/site/cache/translation/5ab753aac0f76d787a61464b7a6afd46/ger-DE/dcea424ddb471fccfe1872c6803581df.php]
[ Feb 18 2026 11:58:05 ] [var/site/cache/translation/5ab753aac0f76d787a61464b7a6afd46/ger-DE/6430ca4bbe0aba7860d0ca9c1adc9b01.php]
[ Feb 18 2026 11:58:05 ] [var/site/cache/translation/5ab753aac0f76d787a61464b7a6afd46/ger-DE/5cc9a30e61e9081a478bb268e9073d12.php]
[ Feb 18 2026 11:58:05 ] [var/site/cache/translation/5ab753aac0f76d787a61464b7a6afd46/ger-DE/6a265c9a68e465c506c17646ea413184.php]
[ Feb 18 2026 11:58:05 ] [var/site/cache/translation/5ab753aac0f76d787a61464b7a6afd46/ger-DE/a4fab7ea2b6b9b45f2a01a5db01a8692.php]
[ Feb 18 2026 11:58:05 ] [var/site/cache/translation/5ab753aac0f76d787a61464b7a6afd46/ger-DE/95f07856a1ac3356f3fd6d3e85686fb5.php]
[ Feb 18 2026 11:58:05 ] [var/site/cache/translation/5ab753aac0f76d787a61464b7a6afd46/ger-DE/00d6e6de6bc12ae81b33e16f5de104af.php]
[ Feb 18 2026 11:58:05 ] [var/site/cache/translation/5ab753aac0f76d787a61464b7a6afd46/ger-DE/b9d87780638afc8f8987d85243961564.php]
[ Feb 18 2026 11:58:05 ] [var/site/cache/translation/5ab753aac0f76d787a61464b7a6afd46/ger-DE/4c8b8673dc7e668abc27065deef45c12.php]
[ Feb 18 2026 11:58:05 ] [var/site/cache/translation/5ab753aac0f76d787a61464b7a6afd46/ger-DE/dc7a1d8090d7eda1a31ea120ccbe7be8.php]
[ Feb 18 2026 11:58:05 ] [var/site/cache/translation/5ab753aac0f76d787a61464b7a6afd46/ger-DE/33463e2326c342ac2aceb73ade57b2a7.php]
[ Feb 18 2026 11:58:05 ] [var/site/cache/translation/5ab753aac0f76d787a61464b7a6afd46/ger-DE/968246bf5c20b460bb7c993d87177406.php]
[ Feb 18 2026 11:58:05 ] [var/site/cache/translation/5ab753aac0f76d787a61464b7a6afd46/ger-DE/beb1ed5dc93e7871cffdc71670a0af92.php]
[ Feb 18 2026 11:58:05 ] [var/site/cache/translation/5ab753aac0f76d787a61464b7a6afd46/ger-DE/28b4fba28bc6cadeb09cde65753ac2a7.php]
[ Feb 18 2026 11:58:05 ] [var/site/cache/translation/5ab753aac0f76d787a61464b7a6afd46/ger-DE/db62a7697f919239afe21d1046bdab0e.php]
[ Feb 18 2026 11:58:05 ] [var/site/cache/translation/5ab753aac0f76d787a61464b7a6afd46/ger-DE/0f799ddc90523aeff6718df8b8602e59.php]
[ Feb 18 2026 11:58:05 ] [var/site/cache/translation/5ab753aac0f76d787a61464b7a6afd46/ger-DE/10ba4473e7efd5151d6850768be26a40.php]
[ Feb 18 2026 11:58:05 ] [var/site/cache/translation/5ab753aac0f76d787a61464b7a6afd46/ger-DE/2cfd3f864d89b32886a927d26fe0164a.php]
[ Feb 18 2026 11:58:05 ] [var/site/cache/translation/5ab753aac0f76d787a61464b7a6afd46/ger-DE/a1913b555e25addd231ad19b668ff33e.php]
[ Feb 18 2026 11:58:05 ] [var/site/cache/translation/5ab753aac0f76d787a61464b7a6afd46/ger-DE/1fee367d5278db210a1438ff40ad5335.php]
[ Feb 18 2026 11:58:05 ] [var/site/cache/translation/5ab753aac0f76d787a61464b7a6afd46/ger-DE/161bdd46f8254b65995f2038e5b5f519.php]
[ Feb 18 2026 11:58:05 ] [var/site/cache/translation/5ab753aac0f76d787a61464b7a6afd46/ger-DE/a2a063f57977a0bba74f56982d64741d.php]
[ Feb 18 2026 11:58:05 ] [var/site/cache/translation/5ab753aac0f76d787a61464b7a6afd46/ger-DE/3272ed5d651c128b27c948712c685e67.php]
[ Feb 18 2026 11:58:05 ] [var/site/cache/translation/5ab753aac0f76d787a61464b7a6afd46/ger-DE/d748236144a3b439f39ed8280949c316.php]
[ Feb 18 2026 11:58:05 ] [var/site/cache/translation/5ab753aac0f76d787a61464b7a6afd46/ger-DE/089bcf35761f9d14da3bf215e8b739e5.php]
[ Feb 18 2026 11:58:05 ] [var/site/cache/translation/5ab753aac0f76d787a61464b7a6afd46/ger-DE/3641f8fd21f5ea5a0ee4543a1adcae02.php]
[ Feb 18 2026 11:58:05 ] [var/site/cache/translation/5ab753aac0f76d787a61464b7a6afd46/ger-DE/e6cd2d7944254f0404b6665c3482b8c4.php]
[ Feb 18 2026 11:58:05 ] [var/site/cache/translation/5ab753aac0f76d787a61464b7a6afd46/ger-DE/1cefdec17a60caf397cbbe3031a25dc7.php]
[ Feb 18 2026 11:58:05 ] [var/site/cache/translation/5ab753aac0f76d787a61464b7a6afd46/ger-DE/34685dd63ce62833dd21a25651493770.php]
[ Feb 18 2026 11:58:05 ] [var/site/cache/translation/5ab753aac0f76d787a61464b7a6afd46/ger-DE/8c1e67c4a555b4fb8c00c8764eab27de.php]
[ Feb 18 2026 11:58:05 ] [var/site/cache/translation/5ab753aac0f76d787a61464b7a6afd46/ger-DE/5192c971579d86aa9d3d3b6d17f5bf65.php]
[ Feb 18 2026 11:58:05 ] [var/site/cache/translation/5ab753aac0f76d787a61464b7a6afd46/ger-DE/70b3432bdfa484f38e093fa2c0098041.php]
[ Feb 18 2026 11:58:05 ] [var/site/cache/translation/5ab753aac0f76d787a61464b7a6afd46/ger-DE/4718a95a6b206e3f879ccb4852cd5da6.php]
[ Feb 18 2026 11:58:05 ] [var/site/cache/translation/5ab753aac0f76d787a61464b7a6afd46/ger-DE/2647dff7d0ac289c8fe87d8fd4585bb4.php]
[ Feb 18 2026 11:58:05 ] [var/site/cache/translation/5ab753aac0f76d787a61464b7a6afd46/ger-DE/72affda06539728309302c66794e4d2d.php]
[ Feb 18 2026 11:58:05 ] [var/site/cache/translation/5ab753aac0f76d787a61464b7a6afd46/ger-DE/d7b57ad539147e9a2ef24645a5095b87.php]
[ Feb 18 2026 11:58:05 ] [var/site/cache/translation/5ab753aac0f76d787a61464b7a6afd46/ger-DE/fd53c2169b54d0c69a319a832f628659.php]
[ Feb 18 2026 11:58:05 ] [var/site/cache/translation/5ab753aac0f76d787a61464b7a6afd46/ger-DE/d8d5e89fb802eb1bd545dff2695e8bfd.php]
[ Feb 18 2026 11:58:05 ] [var/site/cache/translation/5ab753aac0f76d787a61464b7a6afd46/ger-DE/bb6b8854d319b2cbc559e4478733b4a5.php]
[ Feb 18 2026 11:58:05 ] [var/site/cache/translation/5ab753aac0f76d787a61464b7a6afd46/ger-DE/d5538c83f0e74512017ec19e452d5089.php]
[ Feb 18 2026 11:58:05 ] [var/site/cache/translation/5ab753aac0f76d787a61464b7a6afd46/ger-DE/af84436212e67f6fe801c599a3b4ddf6.php]
[ Feb 18 2026 11:58:05 ] [var/site/cache/translation/5ab753aac0f76d787a61464b7a6afd46/ger-DE/30a33a2e660c3e5550523c0ac5b32737.php]
[ Feb 18 2026 11:58:05 ] [var/site/cache/translation/5ab753aac0f76d787a61464b7a6afd46/ger-DE/edd776d1a7f0f270e2bdce195b8082d8.php]
[ Feb 18 2026 11:58:05 ] [var/site/cache/translation/5ab753aac0f76d787a61464b7a6afd46/ger-DE/ebdc70c82e27fd629e9750b30626933b.php]
[ Feb 18 2026 11:58:05 ] [var/site/cache/translation/5ab753aac0f76d787a61464b7a6afd46/ger-DE/8f585042e53f711b7a34951df6640c7c.php]
[ Feb 18 2026 11:58:05 ] [var/site/cache/translation/5ab753aac0f76d787a61464b7a6afd46/ger-DE/4e504003d13c9a4e6bc039c162d2f685.php]
[ Feb 18 2026 11:58:05 ] [var/site/cache/translation/5ab753aac0f76d787a61464b7a6afd46/ger-DE/3333b8fb6c232f20ece6f18eddacc864.php]
[ Feb 18 2026 11:58:05 ] [var/site/cache/translation/5ab753aac0f76d787a61464b7a6afd46/ger-DE/22dccd9a5e3e160f3bbf41629d2b7e2c.php]
[ Feb 18 2026 11:58:05 ] [var/site/cache/translation/5ab753aac0f76d787a61464b7a6afd46/ger-DE/a6b9a8e9593edd58cf755d7ebc914824.php]
[ Feb 18 2026 11:58:05 ] [var/site/cache/translation/5ab753aac0f76d787a61464b7a6afd46/ger-DE/e797efd859b7ac891cc2b889e3b82aed.php]
[ Feb 18 2026 11:58:05 ] [var/site/cache/translation/5ab753aac0f76d787a61464b7a6afd46/ger-DE/3ee7fad5c97f03fe472f0d3eef51edf4.php]
[ Feb 18 2026 11:58:05 ] [var/site/cache/translation/5ab753aac0f76d787a61464b7a6afd46/ger-DE/fbdb2a687779b8979874a4e5c2e6ddd9.php]
[ Feb 18 2026 11:58:05 ] [var/site/cache/translation/5ab753aac0f76d787a61464b7a6afd46/ger-DE/8521dd0a2ce4504cd7af22199d8ed20a.php]
[ Feb 18 2026 11:58:05 ] [var/site/cache/translation/5ab753aac0f76d787a61464b7a6afd46/ger-DE/d7467b23851a0adac4d479856868ca4e.php]
[ Feb 18 2026 11:58:05 ] [var/site/cache/translation/5ab753aac0f76d787a61464b7a6afd46/ger-DE/fd8a34ad4c7e76fefd6ff977e293f581.php]
[ Feb 18 2026 11:58:05 ] [var/site/cache/translation/5ab753aac0f76d787a61464b7a6afd46/ger-DE/6354670fd093983588a2610aeafbbe3d.php]
[ Feb 18 2026 11:58:05 ] [var/site/cache/translation/5ab753aac0f76d787a61464b7a6afd46/ger-DE/e784bf893209f74708f75eac8eccd5c5.php]
[ Feb 18 2026 11:58:05 ] [/var/www/vhosts/platform.cjw.alpha.se7enx.com/doc/ezp25-jacexample/ezpublish_legacy/lib/ezutils/classes/../../../var/cache/ini/override-4e253e4afc78e6de6243307f8b4031b2.php]
[ Feb 18 2026 11:58:05 ] [/var/www/vhosts/platform.cjw.alpha.se7enx.com/doc/ezp25-jacexample/ezpublish_legacy/lib/ezutils/classes/../../../var/cache/ini/design-05b09f3922241c6d6fa6e5500c01b68d.php]
[ Feb 18 2026 11:58:05 ] [var/site/cache/override/override_939e1236e35866446a5adb83b1281652.php]
[ Feb 18 2026 11:58:06 ] [var/site/cache/template/compiled/common.php]
[ Feb 18 2026 11:58:06 ] [var/site/cache/template/compiled/page_head_style-6e116178c51ddfd9e8032cefdf661180.php]
[ Feb 18 2026 11:58:06 ] [/var/www/vhosts/platform.cjw.alpha.se7enx.com/doc/ezp25-jacexample/ezpublish_legacy/lib/ezutils/classes/../../../var/cache/ini/ezjscore-23e96670d408de9faae783d0dd1b3825.php]
[ Feb 18 2026 11:58:06 ] [var/site/cache/template/compiled/page_head_style_inline-dab0d8e6fa3431e2d1c9811a54a17279.php]
[ Feb 18 2026 11:58:06 ] [var/site/cache/template/compiled/page_head_script-b761edfa241af505f794ecee8754d71c.php]
[ Feb 18 2026 11:58:06 ] [var/site/cache/template/compiled/page_aside_user-bcabb76e84b1f9fa55c7b9f9cd43d713.php]
[ Feb 18 2026 11:58:06 ] [/var/www/vhosts/platform.cjw.alpha.se7enx.com/doc/ezp25-jacexample/ezpublish_legacy/lib/ezutils/classes/../../../var/cache/ini/content-7893bddb621ca303fcfa21264d7fb232.php]
[ Feb 18 2026 11:58:06 ] [/var/www/vhosts/platform.cjw.alpha.se7enx.com/doc/ezp25-jacexample/ezpublish_legacy/lib/ezutils/classes/../../../var/cache/ini/image-e40f069d370f3d4a9bed954306d74940.php]
[ Feb 18 2026 11:58:06 ] [var/site/cache/statelimitations_b2acb82a652f2e4559fdb345a3b60e44.php]
[ Feb 18 2026 11:58:06 ] [var/site/cache/template/compiled/aside-b6f29e85db1dc3831bfa5d7e70883c52.php]
[ Feb 18 2026 11:58:06 ] [/var/www/vhosts/platform.cjw.alpha.se7enx.com/doc/ezp25-jacexample/ezpublish_legacy/lib/ezutils/classes/../../../var/cache/ini/menu-cee9e8d428185d85dd42207530d3b2d7.php]
[ Feb 18 2026 11:58:06 ] [var/site/cache/template/compiled/clear_cache-6b67bad0ef3f77f3219034debd756bae.php]
[ Feb 18 2026 11:58:06 ] [var/site/cache/template/compiled/admin_bookmarks-7b0c9c30cae78b327541d4d91feaa0cb.php]
[ Feb 18 2026 11:58:06 ] [/var/www/vhosts/platform.cjw.alpha.se7enx.com/doc/ezp25-jacexample/ezpublish_legacy/lib/ezutils/classes/../../../var/cache/ini/contentstructuremenu-c99c950248a779ebdcec55a693063f45.php]
[ Feb 18 2026 11:58:06 ] [/var/www/vhosts/platform.cjw.alpha.se7enx.com/doc/ezp25-jacexample/ezpublish_legacy/lib/ezutils/classes/../../../var/cache/ini/admininterface-ec2f84eb1c03e57e19a5efb6d5557cd4.php]
[ Feb 18 2026 11:58:06 ] [var/site/cache/template/compiled/popup_menu-ff710d928f1816d87960b243eb677b52.php]
[ Feb 18 2026 11:58:06 ] [/var/www/vhosts/platform.cjw.alpha.se7enx.com/doc/ezp25-jacexample/ezpublish_legacy/lib/ezutils/classes/../../../var/cache/ini/eng-GB-32f93b6d40a8ca8f6ea89150882a241f.php]
[ Feb 18 2026 11:58:06 ] [var/site/cache/template/compiled/ezmucontextmenu-7d904ec1fa807ada9b696ddbb2524e1e.php]
[ Feb 18 2026 11:58:06 ] [var/site/cache/template/compiled/classcontextmenu-9c1127b9376dc2235efea18bfe35ed2f.php]
[ Feb 18 2026 11:58:06 ] [var/site/cache/template/compiled/classcontextmenu-87a0c61f91479aea695c33b828363151.php]
[ Feb 18 2026 11:58:06 ] [var/site/cache/template/compiled/ezmusubitemscontextmenu-cb6ebc6de052ae5365d5d93e2bb67110.php]
[ Feb 18 2026 11:58:06 ] [var/site/cache/template/compiled/classsubitemscontextmenu-d1730cf16db35388565d72ae7dfb5299.php]
[ Feb 18 2026 11:58:06 ] [var/site/cache/template/compiled/classsubitemscontextmenu-9e32f0f8037a911de0ddbf3db9fff6fa.php]
[ Feb 18 2026 11:58:06 ] [var/site/cache/template/compiled/popup_tag_menu-5e983e3c903f197d06f973efeaa9804c.php]
[ Feb 18 2026 12:00:32 ] [/var/www/vhosts/platform.cjw.alpha.se7enx.com/doc/ezp25-jacexample/ezpublish_legacy/lib/ezutils/classes/../../../var/cache/ini/design-a3ca0d9af9907024a6284b3f4818ac57.php]
[ Feb 18 2026 12:00:32 ] [/var/www/vhosts/platform.cjw.alpha.se7enx.com/doc/ezp25-jacexample/ezpublish_legacy/lib/ezutils/classes/../../../var/cache/ini/ezjscore-ef3c7651d1d7044322cecd4c254be80b.php]
[ Feb 18 2026 12:00:32 ] [/var/www/vhosts/platform.cjw.alpha.se7enx.com/doc/ezp25-jacexample/ezpublish_legacy/lib/ezutils/classes/../../../var/cache/ini/content-b48a3be73b353d78de257d33ead992c4.php]
[ Feb 18 2026 12:00:32 ] [/var/www/vhosts/platform.cjw.alpha.se7enx.com/doc/ezp25-jacexample/ezpublish_legacy/lib/ezutils/classes/../../../var/cache/ini/image-65466d03a86b7d79604527a495df85a7.php]
[ Feb 18 2026 12:00:32 ] [/var/www/vhosts/platform.cjw.alpha.se7enx.com/doc/ezp25-jacexample/ezpublish_legacy/lib/ezutils/classes/../../../var/cache/ini/menu-22069731792779e35266b31608db7a6f.php]
[ Feb 18 2026 12:00:32 ] [/var/www/vhosts/platform.cjw.alpha.se7enx.com/doc/ezp25-jacexample/ezpublish_legacy/lib/ezutils/classes/../../../var/cache/ini/eng-GB-c92f871a62e3e54f0f659744db7379c9.php]
[ Feb 18 2026 12:11:27 ] [/var/www/vhosts/platform.cjw.alpha.se7enx.com/doc/ezp25-jacexample/ezpublish_legacy/lib/ezutils/classes/../../../var/cache/ini/error-a74224aefb7b3d5f54e88311657b779b.php]
[ Feb 18 2026 12:11:27 ] [var/site/cache/template/compiled/20-bd88baeac15316b4c8c5ae4d5b4131a1.php]
[ Feb 18 2026 12:11:27 ] [var/site/cache/template/compiled/debug_toolbar-bb722eed1f126d1bf0e5dbe17057c2aa.php]
[ Feb 18 2026 12:11:27 ] [var/site/cache/template/compiled/quick_settings-45dc3fbead1edc6cda555a74068beafa.php]
[ Feb 18 2026 12:11:27 ] [/var/www/vhosts/platform.cjw.alpha.se7enx.com/doc/ezp25-jacexample/ezpublish_legacy/lib/ezutils/classes/../../../var/cache/ini/site-9cb0e9631ed265dd09f7291efc783195.php]
[ Feb 18 2026 12:11:27 ] [var/site/cache/template/compiled/index-fe9cd8ad6ded9892e66ec11d1cb303ce.php]
[ Feb 18 2026 12:11:28 ] [var/site/cache/template/compiled/menu-ebe9cfdc71f0d18f2b95f05921f65ca0.php]
[ Feb 18 2026 12:11:28 ] [/var/www/vhosts/platform.cjw.alpha.se7enx.com/doc/ezp25-jacexample/ezpublish_legacy/lib/ezutils/classes/../../../var/cache/ini/contentstructuremenu-927f169369b5464f98f907900b7920dd.php]
[ Feb 18 2026 12:11:28 ] [var/site/cache/template/compiled/content_structure_menu_dynamic-d881a85efdc0e03f124e980a3b9c2fa1.php]
[ Feb 18 2026 12:11:29 ] [/var/www/vhosts/platform.cjw.alpha.se7enx.com/doc/ezp25-jacexample/ezpublish_legacy/lib/ezutils/classes/../../../var/cache/ini/icon-2c80bba560ca62f732a2b75ce886a6d1.php]
[ Feb 18 2026 12:11:29 ] [/var/www/vhosts/platform.cjw.alpha.se7enx.com/doc/ezp25-jacexample/ezpublish_legacy/lib/ezutils/classes/../../../var/cache/ini/icon-484f0398e5d6bf1bed4a6ab895600667.php]
[ Feb 18 2026 12:11:29 ] [var/site/cache/template/compiled/ini_menu-81c1a7f7ba5d9b0db99dec96ceabb05d.php]
[ Feb 18 2026 12:11:35 ] [/var/www/vhosts/platform.cjw.alpha.se7enx.com/doc/ezp25-jacexample/ezpublish_legacy/lib/ezutils/classes/../../../var/cache/ini/template-c6ee29cf29032e5b4d98caef606d8fbd.php]
[ Feb 18 2026 12:12:00 ] [var/site/cache/classidentifiers_b2acb82a652f2e4559fdb345a3b60e44.php]
[ Feb 18 2026 12:55:53 ] [/var/www/vhosts/platform.cjw.alpha.se7enx.com/doc/ezp25-jacexample/ezpublish_legacy/lib/ezutils/classes/../../../var/cache/ini/dashboard-b121f30f75fed994235960f92a0404bc.php]
[ Feb 18 2026 12:55:53 ] [var/site/cache/template/compiled/dashboard-deef56687125b7b8a692910a639cf939.php]
[ Feb 18 2026 12:55:53 ] [var/site/cache/template/compiled/pending_list-39944107647e1c42a2f9b474ce8dd7ab.php]
[ Feb 18 2026 12:55:53 ] [var/site/cache/template/compiled/drafts-aaaa06a7455023b98b0decf7f1972506.php]
[ Feb 18 2026 12:55:53 ] [var/site/cache/template/compiled/all_latest_content-de415027f7cad2b1fa25e0e1829eec50.php]
[ Feb 18 2026 12:55:53 ] [var/site/cache/template/compiled/latest_content-e8d67a521ad16f274b5a5c00eba47974.php]
[ Feb 18 2026 12:55:53 ] [var/site/cache/template/compiled/menu-b4eeb3e9038d7c1657ad0bf4cb4ab92a.php]
